Determining if the pthread_create exist failed with the following output:
Change Dir: /home/robond/Robotics_Software_Engineer/home_service_robot/build/CMakeFiles/CMakeTmp

Run Build Command:"/usr/bin/make" "cmTC_741e6/fast"
/usr/bin/make -f CMakeFiles/cmTC_741e6.dir/build.make CMakeFiles/cmTC_741e6.dir/build
make[1]: Entering directory '/home/robond/Robotics_Software_Engineer/home_service_robot/build/CMakeFiles/CMakeTmp'
Building C object CMakeFiles/cmTC_741e6.dir/CheckSymbolExists.c.o
/usr/bin/cc     -o CMakeFiles/cmTC_741e6.dir/CheckSymbolExists.c.o   -c /home/robond/Robotics_Software_Engineer/home_service_robot/build/CMakeFiles/CMakeTmp/CheckSymbolExists.c
Linking C executable cmTC_741e6
/usr/bin/cmake -E cmake_link_script CMakeFiles/cmTC_741e6.dir/link.txt --verbose=1
/usr/bin/cc       CMakeFiles/cmTC_741e6.dir/CheckSymbolExists.c.o  -o cmTC_741e6 -rdynamic 
CMakeFiles/cmTC_741e6.dir/CheckSymbolExists.c.o: In function `main':
CheckSymbolExists.c:(.text+0x16): undefined reference to `pthread_create'
collect2: error: ld returned 1 exit status
CMakeFiles/cmTC_741e6.dir/build.make:97: recipe for target 'cmTC_741e6' failed
make[1]: *** [cmTC_741e6] Error 1
make[1]: Leaving directory '/home/robond/Robotics_Software_Engineer/home_service_robot/build/CMakeFiles/CMakeTmp'
Makefile:126: recipe for target 'cmTC_741e6/fast' failed
make: *** [cmTC_741e6/fast] Error 2

File /home/robond/Robotics_Software_Engineer/home_service_robot/build/CMakeFiles/CMakeTmp/CheckSymbolExists.c:
/* */
#include <pthread.h>

int main(int argc, char** argv)
{
  (void)argv;
#ifndef pthread_create
  return ((int*)(&pthread_create))[argc];
#else
  (void)argc;
  return 0;
#endif
}

Determining if the function pthread_create exists in the pthreads failed with the following output:
Change Dir: /home/robond/Robotics_Software_Engineer/home_service_robot/build/CMakeFiles/CMakeTmp

Run Build Command:"/usr/bin/make" "cmTC_f003e/fast"
/usr/bin/make -f CMakeFiles/cmTC_f003e.dir/build.make CMakeFiles/cmTC_f003e.dir/build
make[1]: Entering directory '/home/robond/Robotics_Software_Engineer/home_service_robot/build/CMakeFiles/CMakeTmp'
Building C object CMakeFiles/cmTC_f003e.dir/CheckFunctionExists.c.o
/usr/bin/cc    -DCHECK_FUNCTION_EXISTS=pthread_create   -o CMakeFiles/cmTC_f003e.dir/CheckFunctionExists.c.o   -c /usr/share/cmake-3.5/Modules/CheckFunctionExists.c
Linking C executable cmTC_f003e
/usr/bin/cmake -E cmake_link_script CMakeFiles/cmTC_f003e.dir/link.txt --verbose=1
/usr/bin/cc   -DCHECK_FUNCTION_EXISTS=pthread_create    CMakeFiles/cmTC_f003e.dir/CheckFunctionExists.c.o  -o cmTC_f003e -rdynamic -lpthreads 
/usr/bin/ld: cannot find -lpthreads
collect2: error: ld returned 1 exit status
CMakeFiles/cmTC_f003e.dir/build.make:97: recipe for target 'cmTC_f003e' failed
make[1]: *** [cmTC_f003e] Error 1
make[1]: Leaving directory '/home/robond/Robotics_Software_Engineer/home_service_robot/build/CMakeFiles/CMakeTmp'
Makefile:126: recipe for target 'cmTC_f003e/fast' failed
make: *** [cmTC_f003e/fast] Error 2


