Determining if the pthread_create exist failed with the following output:
Change Dir: /home/robond/project_1/build/CMakeFiles/CMakeTmp

Run Build Command:"/usr/bin/make" "cmTC_c991f/fast"
/usr/bin/make -f CMakeFiles/cmTC_c991f.dir/build.make CMakeFiles/cmTC_c991f.dir/build
make[1]: Entering directory '/home/robond/project_1/build/CMakeFiles/CMakeTmp'
Building C object CMakeFiles/cmTC_c991f.dir/CheckSymbolExists.c.o
/usr/bin/cc     -o CMakeFiles/cmTC_c991f.dir/CheckSymbolExists.c.o   -c /home/robond/project_1/build/CMakeFiles/CMakeTmp/CheckSymbolExists.c
Linking C executable cmTC_c991f
/usr/bin/cmake -E cmake_link_script CMakeFiles/cmTC_c991f.dir/link.txt --verbose=1
/usr/bin/cc       CMakeFiles/cmTC_c991f.dir/CheckSymbolExists.c.o  -o cmTC_c991f -rdynamic 
CMakeFiles/cmTC_c991f.dir/CheckSymbolExists.c.o: In function `main':
CheckSymbolExists.c:(.text+0x16): undefined reference to `pthread_create'
collect2: error: ld returned 1 exit status
CMakeFiles/cmTC_c991f.dir/build.make:97: recipe for target 'cmTC_c991f' failed
make[1]: *** [cmTC_c991f] Error 1
make[1]: Leaving directory '/home/robond/project_1/build/CMakeFiles/CMakeTmp'
Makefile:126: recipe for target 'cmTC_c991f/fast' failed
make: *** [cmTC_c991f/fast] Error 2

File /home/robond/project_1/build/CMakeFiles/CMakeTmp/CheckSymbolExists.c:
/* */
#include <pthread.h>

int main(int argc, char** argv)
{
  (void)argv;
#ifndef pthread_create
  return ((int*)(&pthread_create))[argc];
#else
  (void)argc;
  return 0;
#endif
}

Determining if the function pthread_create exists in the pthreads failed with the following output:
Change Dir: /home/robond/project_1/build/CMakeFiles/CMakeTmp

Run Build Command:"/usr/bin/make" "cmTC_98a6a/fast"
/usr/bin/make -f CMakeFiles/cmTC_98a6a.dir/build.make CMakeFiles/cmTC_98a6a.dir/build
make[1]: Entering directory '/home/robond/project_1/build/CMakeFiles/CMakeTmp'
Building C object CMakeFiles/cmTC_98a6a.dir/CheckFunctionExists.c.o
/usr/bin/cc    -DCHECK_FUNCTION_EXISTS=pthread_create   -o CMakeFiles/cmTC_98a6a.dir/CheckFunctionExists.c.o   -c /usr/share/cmake-3.5/Modules/CheckFunctionExists.c
Linking C executable cmTC_98a6a
/usr/bin/cmake -E cmake_link_script CMakeFiles/cmTC_98a6a.dir/link.txt --verbose=1
/usr/bin/cc   -DCHECK_FUNCTION_EXISTS=pthread_create    CMakeFiles/cmTC_98a6a.dir/CheckFunctionExists.c.o  -o cmTC_98a6a -rdynamic -lpthreads 
/usr/bin/ld: cannot find -lpthreads
collect2: error: ld returned 1 exit status
CMakeFiles/cmTC_98a6a.dir/build.make:97: recipe for target 'cmTC_98a6a' failed
make[1]: *** [cmTC_98a6a] Error 1
make[1]: Leaving directory '/home/robond/project_1/build/CMakeFiles/CMakeTmp'
Makefile:126: recipe for target 'cmTC_98a6a/fast' failed
make: *** [cmTC_98a6a/fast] Error 2


